AppStartUp/android studio/app/build/intermediates/manifest_merge_blame_file/release/manifest-merger-blame-release-report.txt
1<?xml version="1.0" encoding="utf-8"?>
2<manifest xmlns:android="http://schemas.android.com/apk/res/android"
3    package="com.adam.app.appstartup"
4    android:sharedUserId="android.uid.system"
5    android:versionCode="1"
6    android:versionName="1.0" >
7
8    <uses-sdk
8-->src\main\AndroidManifest.xml:8:5-10:41
9        android:minSdkVersion="17"
9-->src\main\AndroidManifest.xml:9:9-35
10        android:targetSdkVersion="17" />
10-->src\main\AndroidManifest.xml:10:9-38
11
12    <uses-permission android:name="android.permission.RECEIVE_BOOT_COMPLETED" />
12-->src\main\AndroidManifest.xml:12:5-81
12-->src\main\AndroidManifest.xml:12:22-78
13
14    <application
14-->src\main\AndroidManifest.xml:14:5-34:19
15        android:allowBackup="true"
15-->src\main\AndroidManifest.xml:15:9-35
16        android:icon="@drawable/ic_launcher"
16-->src\main\AndroidManifest.xml:16:9-45
17        android:label="@string/app_name"
17-->src\main\AndroidManifest.xml:17:9-41
18        android:theme="@style/AppTheme" >
18-->src\main\AndroidManifest.xml:18:9-40
19        <receiver android:name="com.adam.app.appstartup.BootUpReceiver" >
19-->src\main\AndroidManifest.xml:20:9-24:20
19-->src\main\AndroidManifest.xml:20:19-49
20            <intent-filter>
20-->src\main\AndroidManifest.xml:21:13-23:29
21                <action android:name="android.intent.action.BOOT_COMPLETED" />
21-->src\main\AndroidManifest.xml:22:17-79
21-->src\main\AndroidManifest.xml:22:25-76
22            </intent-filter>
23        </receiver>
24
25        <service
25-->src\main\AndroidManifest.xml:26:9-29:19
26            android:name="com.adam.app.appstartup.BootUpService"
26-->src\main\AndroidManifest.xml:27:13-42
27            android:exported="false" >
27-->src\main\AndroidManifest.xml:28:13-37
28        </service>
29
30        <activity android:name="com.adam.app.appstartup.MainActivity" >
30-->src\main\AndroidManifest.xml:31:9-33:20
30-->src\main\AndroidManifest.xml:32:13-41
31        </activity>
32    </application>
33
34</manifest>